Copyright 1986-2022 Xilinx, Inc. All Rights Reserved. Copyright 2022-2025 Advanced Micro Devices, Inc. All Rights Reserved.
---------------------------------------------------------------------------------------------------------------------------------------------
| Tool Version : Vivado v.2025.1 (win64) Build 6140274 Thu May 22 00:12:29 MDT 2025
| Date         : Wed Apr  8 00:34:49 2026
| Host         : MSI running 64-bit major release  (build 9200)
| Command      : report_control_sets -verbose -file lenet5_top_control_sets_placed.rpt
| Design       : lenet5_top
| Device       : xck26
---------------------------------------------------------------------------------------------------------------------------------------------

Control Set Information

Table of Contents
-----------------
1. Summary
2. Histogram
3. Flip-Flop Distribution
4. Detailed Control Set Information

1. Summary
----------

+----------------------------------------------------------+-------+
|                          Status                          | Count |
+----------------------------------------------------------+-------+
| Total control sets                                       |   252 |
|    Minimum number of control sets                        |   252 |
|    Addition due to synthesis replication                 |     0 |
|    Addition due to physical synthesis replication        |     0 |
| Unused register locations in slices containing registers |   205 |
+----------------------------------------------------------+-------+
* Control sets can be merged at opt_design using control_set_merge or merge_equivalent_drivers
** Run report_qor_suggestions for automated merging and remapping suggestions


2. Histogram
------------

+--------------------+-------+
|       Fanout       | Count |
+--------------------+-------+
| Total control sets |   252 |
| >= 0 to < 4        |     2 |
| >= 4 to < 6        |     8 |
| >= 6 to < 8        |     4 |
| >= 8 to < 10       |     5 |
| >= 10 to < 12      |     0 |
| >= 12 to < 14      |     1 |
| >= 14 to < 16      |   179 |
| >= 16              |    53 |
+--------------------+-------+
* Control sets can be remapped at either synth_design or opt_design


3. Flip-Flop Distribution
-------------------------

+--------------+-----------------------+------------------------+-----------------+--------------+
| Clock Enable | Synchronous Set/Reset | Asynchronous Set/Reset | Total Registers | Total Slices |
+--------------+-----------------------+------------------------+-----------------+--------------+
| No           | No                    | No                     |               0 |            0 |
| No           | No                    | Yes                    |              73 |           20 |
| No           | Yes                   | No                     |               0 |            0 |
| Yes          | No                    | No                     |            5044 |          998 |
| Yes          | No                    | Yes                    |            3434 |          613 |
| Yes          | Yes                   | No                     |               0 |            0 |
+--------------+-----------------------+------------------------+-----------------+--------------+


4. Detailed Control Set Information
-----------------------------------

+----------------+---------------------------------------------------+-------------------+------------------+----------------+--------------+
|  Clock Signal  |                   Enable Signal                   |  Set/Reset Signal | Slice Load Count | Bel Load Count | Bels / Slice |
+----------------+---------------------------------------------------+-------------------+------------------+----------------+--------------+
|  clk_IBUF_BUFG | u_pool1/row_cnt                                   | rst_n_IBUF_inst/O |                1 |              1 |         1.00 |
|  clk_IBUF_BUFG | u_pool2/row_cnt                                   | rst_n_IBUF_inst/O |                1 |              1 |         1.00 |
|  clk_IBUF_BUFG | u_pool2/reg_valid_out_reg_1                       | rst_n_IBUF_inst/O |                3 |              4 |         1.33 |
|  clk_IBUF_BUFG | u_dense_out/done_reg_0                            | rst_n_IBUF_inst/O |                2 |              4 |         2.00 |
|  clk_IBUF_BUFG | u_dense_out/done                                  | rst_n_IBUF_inst/O |                2 |              4 |         2.00 |
|  clk_IBUF_BUFG | u_dense_out/FSM_onehot_state[3]_i_1__1_n_0        | rst_n_IBUF_inst/O |                2 |              4 |         2.00 |
|  clk_IBUF_BUFG | u_conv2/u_linebuf/row_cnt                         | rst_n_IBUF_inst/O |                1 |              4 |         4.00 |
|  clk_IBUF_BUFG | u_dense_f1/FSM_onehot_state[3]_i_1_n_0            | rst_n_IBUF_inst/O |                2 |              4 |         2.00 |
|  clk_IBUF_BUFG | u_dense_f2/FSM_onehot_state[3]_i_1__0_n_0         | rst_n_IBUF_inst/O |                2 |              4 |         2.00 |
|  clk_IBUF_BUFG | u_conv1/line_buf/row_cnt                          | rst_n_IBUF_inst/O |                1 |              5 |         5.00 |
|  clk_IBUF_BUFG | u_conv2/u_fifo/wr_ptr0                            | rst_n_IBUF_inst/O |                1 |              6 |         6.00 |
|  clk_IBUF_BUFG | u_dense_out/neuron_idx[5]_i_1__1_n_0              | rst_n_IBUF_inst/O |                2 |              6 |         3.00 |
|  clk_IBUF_BUFG | u_dense_f2/neuron_idx[5]_i_1__0_n_0               | rst_n_IBUF_inst/O |                3 |              6 |         2.00 |
|  clk_IBUF_BUFG | u_conv2/u_linebuf/E[0]                            | rst_n_IBUF_inst/O |                2 |              6 |         3.00 |
|  clk_IBUF_BUFG | u_dense_f1/collect_cnt[7]_i_1_n_0                 | rst_n_IBUF_inst/O |                4 |              8 |         2.00 |
|  clk_IBUF_BUFG | u_dense_out/input_idx[7]_i_1__1_n_0               | rst_n_IBUF_inst/O |                2 |              8 |         4.00 |
|  clk_IBUF_BUFG | u_dense_out/collect_cnt[7]_i_1__1_n_0             | rst_n_IBUF_inst/O |                4 |              8 |         2.00 |
|  clk_IBUF_BUFG | u_dense_f2/input_idx[7]_i_1__0_n_0                | rst_n_IBUF_inst/O |                3 |              8 |         2.67 |
|  clk_IBUF_BUFG | u_dense_f2/collect_cnt[7]_i_1__0_n_0              | rst_n_IBUF_inst/O |                4 |              8 |         2.00 |
|  clk_IBUF_BUFG | u_dense_f1/input_idx[7]_i_1_n_0                   | rst_n_IBUF_inst/O |                3 |             12 |         4.00 |
|  clk_IBUF_BUFG | u_dense_f1/FSM_onehot_state_reg_n_0_[3]           | rst_n_IBUF_inst/O |                2 |             15 |         7.50 |
|  clk_IBUF_BUFG | u_dense_f1/input_buf[102][14]_i_1_n_0             |                   |               12 |             15 |         1.25 |
|  clk_IBUF_BUFG | u_dense_f1/input_buf[0][14]_i_1_n_0               |                   |               11 |             15 |         1.36 |
|  clk_IBUF_BUFG | u_dense_f1/input_buf[100][14]_i_1_n_0             |                   |                7 |             15 |         2.14 |
|  clk_IBUF_BUFG | u_dense_f1/input_buf[101][14]_i_1_n_0             |                   |                9 |             15 |         1.67 |
|  clk_IBUF_BUFG | u_dense_f1/input_buf[107][14]_i_1_n_0             |                   |               10 |             15 |         1.50 |
|  clk_IBUF_BUFG | u_dense_f1/input_buf[103][14]_i_1_n_0             |                   |                7 |             15 |         2.14 |
|  clk_IBUF_BUFG | u_dense_f1/input_buf[106][14]_i_1_n_0             |                   |                8 |             15 |         1.88 |
|  clk_IBUF_BUFG | u_dense_f1/input_buf[123][14]_i_1_n_0             |                   |               12 |             15 |         1.25 |
|  clk_IBUF_BUFG | u_dense_f1/input_buf[124][14]_i_1_n_0             |                   |               14 |             15 |         1.07 |
|  clk_IBUF_BUFG | u_dense_f1/input_buf[119][14]_i_1_n_0             |                   |               11 |             15 |         1.36 |
|  clk_IBUF_BUFG | u_dense_f1/input_buf[105][14]_i_1_n_0             |                   |                8 |             15 |         1.88 |
|  clk_IBUF_BUFG | u_dense_f1/input_buf[14][14]_i_1_n_0              |                   |               10 |             15 |         1.50 |
|  clk_IBUF_BUFG | u_dense_f1/input_buf[108][14]_i_1_n_0             |                   |               10 |             15 |         1.50 |
|  clk_IBUF_BUFG | u_dense_f1/input_buf[114][14]_i_1_n_0             |                   |               10 |             15 |         1.50 |
|  clk_IBUF_BUFG | u_dense_f1/input_buf[116][14]_i_1_n_0             |                   |               13 |             15 |         1.15 |
|  clk_IBUF_BUFG | u_dense_f1/input_buf[11][14]_i_1_n_0              |                   |               11 |             15 |         1.36 |
|  clk_IBUF_BUFG | u_dense_f1/input_buf[120][14]_i_1_n_0             |                   |               11 |             15 |         1.36 |
|  clk_IBUF_BUFG | u_dense_f1/input_buf[113][14]_i_1_n_0             |                   |               12 |             15 |         1.25 |
|  clk_IBUF_BUFG | u_dense_f1/input_buf[117][14]_i_1_n_0             |                   |               12 |             15 |         1.25 |
|  clk_IBUF_BUFG | u_dense_f1/input_buf[121][14]_i_1_n_0             |                   |               12 |             15 |         1.25 |
|  clk_IBUF_BUFG | u_dense_f1/input_buf[10][14]_i_1_n_0              |                   |                9 |             15 |         1.67 |
|  clk_IBUF_BUFG | u_dense_f1/input_buf[104][14]_i_1_n_0             |                   |                9 |             15 |         1.67 |
|  clk_IBUF_BUFG | u_dense_f1/input_buf[111][14]_i_1_n_0             |                   |                8 |             15 |         1.88 |
|  clk_IBUF_BUFG | u_dense_f1/input_buf[115][14]_i_1_n_0             |                   |               13 |             15 |         1.15 |
|  clk_IBUF_BUFG | u_dense_f1/input_buf[122][14]_i_1_n_0             |                   |               11 |             15 |         1.36 |
|  clk_IBUF_BUFG | u_dense_f1/input_buf[125][14]_i_1_n_0             |                   |               12 |             15 |         1.25 |
|  clk_IBUF_BUFG | u_dense_f1/input_buf[126][14]_i_1_n_0             |                   |               10 |             15 |         1.50 |
|  clk_IBUF_BUFG | u_dense_f1/input_buf[110][14]_i_1_n_0             |                   |                9 |             15 |         1.67 |
|  clk_IBUF_BUFG | u_dense_f1/input_buf[109][14]_i_1_n_0             |                   |               10 |             15 |         1.50 |
|  clk_IBUF_BUFG | u_dense_f1/input_buf[112][14]_i_1_n_0             |                   |               10 |             15 |         1.50 |
|  clk_IBUF_BUFG | u_dense_f1/input_buf[17][14]_i_1_n_0              |                   |               10 |             15 |         1.50 |
|  clk_IBUF_BUFG | u_dense_f1/input_buf[19][14]_i_1_n_0              |                   |                8 |             15 |         1.88 |
|  clk_IBUF_BUFG | u_dense_f1/input_buf[27][14]_i_1_n_0              |                   |               10 |             15 |         1.50 |
|  clk_IBUF_BUFG | u_dense_f1/input_buf[29][14]_i_1_n_0              |                   |                9 |             15 |         1.67 |
|  clk_IBUF_BUFG | u_dense_f1/input_buf[15][14]_i_1_n_0              |                   |               13 |             15 |         1.15 |
|  clk_IBUF_BUFG | u_dense_f1/input_buf[20][14]_i_1_n_0              |                   |                7 |             15 |         2.14 |
|  clk_IBUF_BUFG | u_dense_f1/input_buf[2][14]_i_1_n_0               |                   |                6 |             15 |         2.50 |
|  clk_IBUF_BUFG | u_dense_f1/input_buf[24][14]_i_1_n_0              |                   |                9 |             15 |         1.67 |
|  clk_IBUF_BUFG | u_dense_f1/input_buf[13][14]_i_1_n_0              |                   |                9 |             15 |         1.67 |
|  clk_IBUF_BUFG | u_dense_f1/input_buf[16][14]_i_1_n_0              |                   |                9 |             15 |         1.67 |
|  clk_IBUF_BUFG | u_dense_f1/input_buf[12][14]_i_1_n_0              |                   |               11 |             15 |         1.36 |
|  clk_IBUF_BUFG | u_dense_f1/input_buf[18][14]_i_1_n_0              |                   |               10 |             15 |         1.50 |
|  clk_IBUF_BUFG | u_dense_f1/input_buf[1][14]_i_1_n_0               |                   |               12 |             15 |         1.25 |
|  clk_IBUF_BUFG | u_dense_f1/input_buf[23][14]_i_1_n_0              |                   |                6 |             15 |         2.50 |
|  clk_IBUF_BUFG | u_dense_f1/input_buf[25][14]_i_1_n_0              |                   |               11 |             15 |         1.36 |
|  clk_IBUF_BUFG | u_dense_f1/input_buf[26][14]_i_1_n_0              |                   |               10 |             15 |         1.50 |
|  clk_IBUF_BUFG | u_dense_f1/input_buf[127][14]_i_1_n_0             |                   |               14 |             15 |         1.07 |
|  clk_IBUF_BUFG | u_dense_f1/input_buf[22][14]_i_1_n_0              |                   |                8 |             15 |         1.88 |
|  clk_IBUF_BUFG | u_dense_f1/input_buf[28][14]_i_1_n_0              |                   |               11 |             15 |         1.36 |
|  clk_IBUF_BUFG | u_dense_f1/input_buf[21][14]_i_1_n_0              |                   |                9 |             15 |         1.67 |
|  clk_IBUF_BUFG | u_dense_f1/input_buf[36][14]_i_1_n_0              |                   |                7 |             15 |         2.14 |
|  clk_IBUF_BUFG | u_dense_f1/input_buf[37][14]_i_1_n_0              |                   |                8 |             15 |         1.88 |
|  clk_IBUF_BUFG | u_dense_f1/input_buf[38][14]_i_1_n_0              |                   |                8 |             15 |         1.88 |
|  clk_IBUF_BUFG | u_dense_f1/input_buf[44][14]_i_1_n_0              |                   |               10 |             15 |         1.50 |
|  clk_IBUF_BUFG | u_dense_f1/input_buf[43][14]_i_1_n_0              |                   |                8 |             15 |         1.88 |
|  clk_IBUF_BUFG | u_dense_f1/input_buf[35][14]_i_1_n_0              |                   |                8 |             15 |         1.88 |
|  clk_IBUF_BUFG | u_dense_f1/input_buf[50][14]_i_1_n_0              |                   |               10 |             15 |         1.50 |
|  clk_IBUF_BUFG | u_dense_f1/input_buf[41][14]_i_1_n_0              |                   |                7 |             15 |         2.14 |
|  clk_IBUF_BUFG | u_dense_f1/input_buf[46][14]_i_1_n_0              |                   |                5 |             15 |         3.00 |
|  clk_IBUF_BUFG | u_dense_f1/input_buf[51][14]_i_1_n_0              |                   |                7 |             15 |         2.14 |
|  clk_IBUF_BUFG | u_dense_f1/input_buf[34][14]_i_1_n_0              |                   |               10 |             15 |         1.50 |
|  clk_IBUF_BUFG | u_dense_f1/input_buf[30][14]_i_1_n_0              |                   |                8 |             15 |         1.88 |
|  clk_IBUF_BUFG | u_dense_f1/input_buf[40][14]_i_1_n_0              |                   |               11 |             15 |         1.36 |
|  clk_IBUF_BUFG | u_dense_f1/input_buf[39][14]_i_1_n_0              |                   |                8 |             15 |         1.88 |
|  clk_IBUF_BUFG | u_dense_f1/input_buf[3][14]_i_1_n_0               |                   |                9 |             15 |         1.67 |
|  clk_IBUF_BUFG | u_dense_f1/input_buf[42][14]_i_1_n_0              |                   |                7 |             15 |         2.14 |
|  clk_IBUF_BUFG | u_dense_f1/input_buf[45][14]_i_1_n_0              |                   |               10 |             15 |         1.50 |
|  clk_IBUF_BUFG | u_dense_f1/input_buf[47][14]_i_1_n_0              |                   |                8 |             15 |         1.88 |
|  clk_IBUF_BUFG | u_dense_f1/input_buf[49][14]_i_1_n_0              |                   |               10 |             15 |         1.50 |
|  clk_IBUF_BUFG | u_dense_f1/input_buf[4][14]_i_1_n_0               |                   |               13 |             15 |         1.15 |
|  clk_IBUF_BUFG | u_dense_f1/input_buf[33][14]_i_1_n_0              |                   |                8 |             15 |         1.88 |
|  clk_IBUF_BUFG | u_dense_f1/input_buf[52][14]_i_1_n_0              |                   |                9 |             15 |         1.67 |
|  clk_IBUF_BUFG | u_dense_f1/input_buf[32][14]_i_1_n_0              |                   |               10 |             15 |         1.50 |
|  clk_IBUF_BUFG | u_dense_f1/input_buf[48][14]_i_1_n_0              |                   |                8 |             15 |         1.88 |
|  clk_IBUF_BUFG | u_dense_f1/input_buf[31][14]_i_1_n_0              |                   |               11 |             15 |         1.36 |
|  clk_IBUF_BUFG | u_dense_f1/input_buf[61][14]_i_1_n_0              |                   |               11 |             15 |         1.36 |
|  clk_IBUF_BUFG | u_dense_f1/input_buf[57][14]_i_1_n_0              |                   |                9 |             15 |         1.67 |
|  clk_IBUF_BUFG | u_dense_f1/input_buf[54][14]_i_1_n_0              |                   |               10 |             15 |         1.50 |
|  clk_IBUF_BUFG | u_dense_f1/input_buf[62][14]_i_1_n_0              |                   |               11 |             15 |         1.36 |
|  clk_IBUF_BUFG | u_dense_f1/input_buf[65][14]_i_1_n_0              |                   |               11 |             15 |         1.36 |
|  clk_IBUF_BUFG | u_dense_f1/input_buf[67][14]_i_1_n_0              |                   |                6 |             15 |         2.50 |
|  clk_IBUF_BUFG | u_dense_f1/input_buf[69][14]_i_1_n_0              |                   |                8 |             15 |         1.88 |
|  clk_IBUF_BUFG | u_dense_f1/input_buf[5][14]_i_1_n_0               |                   |               10 |             15 |         1.50 |
|  clk_IBUF_BUFG | u_dense_f1/input_buf[53][14]_i_1_n_0              |                   |                5 |             15 |         3.00 |
|  clk_IBUF_BUFG | u_dense_f1/input_buf[70][14]_i_1_n_0              |                   |               10 |             15 |         1.50 |
|  clk_IBUF_BUFG | u_dense_f1/input_buf[58][14]_i_1_n_0              |                   |               10 |             15 |         1.50 |
|  clk_IBUF_BUFG | u_dense_f1/input_buf[59][14]_i_1_n_0              |                   |               10 |             15 |         1.50 |
|  clk_IBUF_BUFG | u_dense_f1/input_buf[72][14]_i_1_n_0              |                   |               11 |             15 |         1.36 |
|  clk_IBUF_BUFG | u_dense_f1/input_buf[66][14]_i_1_n_0              |                   |               11 |             15 |         1.36 |
|  clk_IBUF_BUFG | u_dense_f1/input_buf[6][14]_i_1_n_0               |                   |                8 |             15 |         1.88 |
|  clk_IBUF_BUFG | u_dense_f1/input_buf[56][14]_i_1_n_0              |                   |               11 |             15 |         1.36 |
|  clk_IBUF_BUFG | u_dense_f1/input_buf[75][14]_i_1_n_0              |                   |               11 |             15 |         1.36 |
|  clk_IBUF_BUFG | u_dense_f1/input_buf[63][14]_i_1_n_0              |                   |               10 |             15 |         1.50 |
|  clk_IBUF_BUFG | u_dense_f1/input_buf[55][14]_i_1_n_0              |                   |                8 |             15 |         1.88 |
|  clk_IBUF_BUFG | u_dense_f1/input_buf[64][14]_i_1_n_0              |                   |               11 |             15 |         1.36 |
|  clk_IBUF_BUFG | u_dense_f1/input_buf[68][14]_i_1_n_0              |                   |                8 |             15 |         1.88 |
|  clk_IBUF_BUFG | u_dense_f1/input_buf[71][14]_i_1_n_0              |                   |                9 |             15 |         1.67 |
|  clk_IBUF_BUFG | u_dense_f1/input_buf[74][14]_i_1_n_0              |                   |               11 |             15 |         1.36 |
|  clk_IBUF_BUFG | u_dense_f1/input_buf[73][14]_i_1_n_0              |                   |               11 |             15 |         1.36 |
|  clk_IBUF_BUFG | u_dense_f1/input_buf[60][14]_i_1_n_0              |                   |               10 |             15 |         1.50 |
|  clk_IBUF_BUFG | u_dense_f1/input_buf[7][14]_i_1_n_0               |                   |               10 |             15 |         1.50 |
|  clk_IBUF_BUFG | u_dense_f1/input_buf[8][14]_i_1_n_0               |                   |               11 |             15 |         1.36 |
|  clk_IBUF_BUFG | u_dense_f1/input_buf[78][14]_i_1_n_0              |                   |               10 |             15 |         1.50 |
|  clk_IBUF_BUFG | u_dense_f1/input_buf[91][14]_i_1_n_0              |                   |                8 |             15 |         1.88 |
|  clk_IBUF_BUFG | u_dense_f1/input_buf[89][14]_i_1_n_0              |                   |                7 |             15 |         2.14 |
|  clk_IBUF_BUFG | u_dense_f1/input_buf[92][14]_i_1_n_0              |                   |                8 |             15 |         1.88 |
|  clk_IBUF_BUFG | u_dense_f1/input_buf[93][14]_i_1_n_0              |                   |                8 |             15 |         1.88 |
|  clk_IBUF_BUFG | u_dense_f1/input_buf[88][14]_i_1_n_0              |                   |                8 |             15 |         1.88 |
|  clk_IBUF_BUFG | u_dense_f1/input_buf[86][14]_i_1_n_0              |                   |               11 |             15 |         1.36 |
|  clk_IBUF_BUFG | u_dense_f1/input_buf[94][14]_i_1_n_0              |                   |               10 |             15 |         1.50 |
|  clk_IBUF_BUFG | u_dense_f1/input_buf[85][14]_i_1_n_0              |                   |                9 |             15 |         1.67 |
|  clk_IBUF_BUFG | u_dense_f1/input_buf[80][14]_i_1_n_0              |                   |               11 |             15 |         1.36 |
|  clk_IBUF_BUFG | u_dense_f1/input_buf[81][14]_i_1_n_0              |                   |                8 |             15 |         1.88 |
|  clk_IBUF_BUFG | u_dense_f1/input_buf[95][14]_i_1_n_0              |                   |                8 |             15 |         1.88 |
|  clk_IBUF_BUFG | u_dense_f1/input_buf[83][14]_i_1_n_0              |                   |                5 |             15 |         3.00 |
|  clk_IBUF_BUFG | u_dense_f1/input_buf[84][14]_i_1_n_0              |                   |                8 |             15 |         1.88 |
|  clk_IBUF_BUFG | u_dense_f1/input_buf[77][14]_i_1_n_0              |                   |                8 |             15 |         1.88 |
|  clk_IBUF_BUFG | u_dense_f1/input_buf[76][14]_i_1_n_0              |                   |               11 |             15 |         1.36 |
|  clk_IBUF_BUFG | u_dense_f1/input_buf[82][14]_i_1_n_0              |                   |               11 |             15 |         1.36 |
|  clk_IBUF_BUFG | u_dense_f1/input_buf[90][14]_i_1_n_0              |                   |               12 |             15 |         1.25 |
|  clk_IBUF_BUFG | u_dense_f1/input_buf[79][14]_i_1_n_0              |                   |               12 |             15 |         1.25 |
|  clk_IBUF_BUFG | u_dense_f1/input_buf[87][14]_i_1_n_0              |                   |                6 |             15 |         2.50 |
|  clk_IBUF_BUFG | u_dense_f1/input_buf[98][14]_i_1_n_0              |                   |                6 |             15 |         2.50 |
|  clk_IBUF_BUFG | u_dense_f1/input_buf[99][14]_i_1_n_0              |                   |                6 |             15 |         2.50 |
|  clk_IBUF_BUFG | u_dense_f1/input_buf[97][14]_i_1_n_0              |                   |                9 |             15 |         1.67 |
|  clk_IBUF_BUFG | u_dense_f1/input_buf[96][14]_i_1_n_0              |                   |               13 |             15 |         1.15 |
|  clk_IBUF_BUFG | u_dense_f1/input_buf[9][14]_i_1_n_0               |                   |                8 |             15 |         1.88 |
|  clk_IBUF_BUFG | u_dense_f2/FSM_onehot_state_reg_n_0_[3]           | rst_n_IBUF_inst/O |                2 |             15 |         7.50 |
|  clk_IBUF_BUFG | u_dense_f2/input_buf[10][14]_i_1__0_n_0           |                   |                6 |             15 |         2.50 |
|  clk_IBUF_BUFG | u_dense_f2/input_buf[15][14]_i_1__1_n_0           |                   |                7 |             15 |         2.14 |
|  clk_IBUF_BUFG | u_dense_f2/input_buf[16][14]_i_1__0_n_0           |                   |               10 |             15 |         1.50 |
|  clk_IBUF_BUFG | u_dense_f2/input_buf[14][14]_i_1__0_n_0           |                   |                8 |             15 |         1.88 |
|  clk_IBUF_BUFG | u_dense_f2/input_buf[18][14]_i_1__0_n_0           |                   |               11 |             15 |         1.36 |
|  clk_IBUF_BUFG | u_dense_f2/input_buf[11][14]_i_1__1_n_0           |                   |                4 |             15 |         3.75 |
|  clk_IBUF_BUFG | u_dense_f2/input_buf[20][14]_i_1__0_n_0           |                   |                6 |             15 |         2.50 |
|  clk_IBUF_BUFG | u_dense_f2/input_buf[21][14]_i_1__0_n_0           |                   |               11 |             15 |         1.36 |
|  clk_IBUF_BUFG | u_dense_f2/input_buf[13][14]_i_1__0_n_0           |                   |                7 |             15 |         2.14 |
|  clk_IBUF_BUFG | u_dense_f2/input_buf[17][14]_i_1__0_n_0           |                   |                8 |             15 |         1.88 |
|  clk_IBUF_BUFG | u_dense_f2/input_buf[22][14]_i_1__0_n_0           |                   |               11 |             15 |         1.36 |
|  clk_IBUF_BUFG | u_dense_f2/input_buf[19][14]_i_1__0_n_0           |                   |               13 |             15 |         1.15 |
|  clk_IBUF_BUFG | u_dense_f2/input_buf[1][14]_i_1__0_n_0            |                   |                9 |             15 |         1.67 |
|  clk_IBUF_BUFG | u_dense_f2/input_buf[23][14]_i_1__0_n_0           |                   |               10 |             15 |         1.50 |
|  clk_IBUF_BUFG | u_dense_f2/input_buf[12][14]_i_1__1_n_0           |                   |                8 |             15 |         1.88 |
|  clk_IBUF_BUFG | u_dense_f2/input_buf[24][14]_i_1__0_n_0           |                   |               11 |             15 |         1.36 |
|  clk_IBUF_BUFG | u_dense_f2/input_buf[0][14]_i_1__0_n_0            |                   |                7 |             15 |         2.14 |
|  clk_IBUF_BUFG | u_dense_f2/input_buf[25][14]_i_1__0_n_0           |                   |                5 |             15 |         3.00 |
|  clk_IBUF_BUFG | u_dense_f2/input_buf[31][14]_i_1__0_n_0           |                   |               10 |             15 |         1.50 |
|  clk_IBUF_BUFG | u_dense_f2/input_buf[4][14]_i_1__1_n_0            |                   |                6 |             15 |         2.50 |
|  clk_IBUF_BUFG | u_dense_f2/input_buf[26][14]_i_1__0_n_0           |                   |                9 |             15 |         1.67 |
|  clk_IBUF_BUFG | u_dense_f2/input_buf[28][14]_i_1__0_n_0           |                   |                7 |             15 |         2.14 |
|  clk_IBUF_BUFG | u_dense_f2/input_buf[3][14]_i_1__0_n_0            |                   |                9 |             15 |         1.67 |
|  clk_IBUF_BUFG | u_dense_f2/input_buf[5][14]_i_1__0_n_0            |                   |               10 |             15 |         1.50 |
|  clk_IBUF_BUFG | u_dense_f2/input_buf[6][14]_i_1__0_n_0            |                   |               10 |             15 |         1.50 |
|  clk_IBUF_BUFG | u_dense_f2/input_buf[30][14]_i_1__0_n_0           |                   |                7 |             15 |         2.14 |
|  clk_IBUF_BUFG | u_dense_f2/input_buf[27][14]_i_1__0_n_0           |                   |               10 |             15 |         1.50 |
|  clk_IBUF_BUFG | u_dense_f2/input_buf[2][14]_i_1__0_n_0            |                   |                8 |             15 |         1.88 |
|  clk_IBUF_BUFG | u_dense_f2/input_buf[8][14]_i_1__1_n_0            |                   |                8 |             15 |         1.88 |
|  clk_IBUF_BUFG | u_dense_f2/input_buf[9][14]_i_1__0_n_0            |                   |               10 |             15 |         1.50 |
|  clk_IBUF_BUFG | u_dense_f2/input_buf[7][14]_i_1__1_n_0            |                   |                7 |             15 |         2.14 |
|  clk_IBUF_BUFG | u_dense_f2/input_buf[29][14]_i_1__0_n_0           |                   |                9 |             15 |         1.67 |
|  clk_IBUF_BUFG | u_dense_out/input_buf[9][14]_i_1__1_n_0           |                   |                8 |             15 |         1.88 |
|  clk_IBUF_BUFG | u_dense_out/input_buf[12][14]_i_1__0_n_0          |                   |                9 |             15 |         1.67 |
|  clk_IBUF_BUFG | u_dense_out/input_buf[11][14]_i_1__0_n_0          |                   |               10 |             15 |         1.50 |
|  clk_IBUF_BUFG | u_dense_out/input_buf[13][14]_i_1__1_n_0          |                   |                9 |             15 |         1.67 |
|  clk_IBUF_BUFG | u_dense_out/input_buf[0][14]_i_1__1_n_0           |                   |               10 |             15 |         1.50 |
|  clk_IBUF_BUFG | u_dense_out/input_buf[14][14]_i_1__1_n_0          |                   |               11 |             15 |         1.36 |
|  clk_IBUF_BUFG | u_dense_out/input_buf[2][14]_i_1__1_n_0           |                   |               11 |             15 |         1.36 |
|  clk_IBUF_BUFG | u_dense_out/input_buf[1][14]_i_1__1_n_0           |                   |               12 |             15 |         1.25 |
|  clk_IBUF_BUFG | u_dense_out/input_buf[6][14]_i_1__1_n_0           |                   |               11 |             15 |         1.36 |
|  clk_IBUF_BUFG | u_dense_out/input_buf[8][14]_i_1__0_n_0           |                   |               10 |             15 |         1.50 |
|  clk_IBUF_BUFG | u_dense_out/input_buf[15][14]_i_1__0_n_0          |                   |                8 |             15 |         1.88 |
|  clk_IBUF_BUFG | u_dense_out/input_buf[7][14]_i_1__0_n_0           |                   |               10 |             15 |         1.50 |
|  clk_IBUF_BUFG | u_dense_out/input_buf[3][14]_i_1__1_n_0           |                   |                7 |             15 |         2.14 |
|  clk_IBUF_BUFG | u_dense_out/input_buf[5][14]_i_1__1_n_0           |                   |               13 |             15 |         1.15 |
|  clk_IBUF_BUFG | u_dense_out/input_buf[10][14]_i_1__1_n_0          |                   |                9 |             15 |         1.67 |
|  clk_IBUF_BUFG | u_dense_out/input_buf[4][14]_i_1__0_n_0           |                   |                8 |             15 |         1.88 |
|  clk_IBUF_BUFG | u_flatten/E[0]                                    | rst_n_IBUF_inst/O |               11 |             15 |         1.36 |
|  clk_IBUF_BUFG | u_dense_f1/input_buf[118][14]_i_1_n_0             |                   |               12 |             15 |         1.25 |
|  clk_IBUF_BUFG | u_dense_f2/acc                                    | rst_n_IBUF_inst/O |                1 |             16 |        16.00 |
|  clk_IBUF_BUFG | u_dense_f1/acc                                    | rst_n_IBUF_inst/O |                2 |             16 |         8.00 |
|  clk_IBUF_BUFG | u_dense_out/FSM_onehot_state_reg_n_0_[3]          | rst_n_IBUF_inst/O |                2 |             16 |         8.00 |
|  clk_IBUF_BUFG | u_dense_out/acc                                   | rst_n_IBUF_inst/O |                2 |             16 |         8.00 |
|  clk_IBUF_BUFG | u_dense_out/E[0]                                  | rst_n_IBUF_inst/O |                4 |             20 |         5.00 |
|  clk_IBUF_BUFG | u_dense_f1/neuron_idx[5]_i_1_n_0                  | rst_n_IBUF_inst/O |               13 |             35 |         2.69 |
|  clk_IBUF_BUFG | u_conv2/u_fifo/mem[12][62]_i_1_n_0                |                   |               45 |             60 |         1.33 |
|  clk_IBUF_BUFG | u_conv2/u_fifo/mem[25][62]_i_1_n_0                |                   |               42 |             60 |         1.43 |
|  clk_IBUF_BUFG | u_conv2/u_fifo/mem[29][62]_i_1_n_0                |                   |               50 |             60 |         1.20 |
|  clk_IBUF_BUFG | u_conv2/u_fifo/mem[30][62]_i_1_n_0                |                   |               50 |             60 |         1.20 |
|  clk_IBUF_BUFG | u_conv2/u_fifo/mem[2][62]_i_1_n_0                 |                   |               45 |             60 |         1.33 |
|  clk_IBUF_BUFG | u_conv2/u_fifo/mem[13][62]_i_1_n_0                |                   |               46 |             60 |         1.30 |
|  clk_IBUF_BUFG | u_conv2/u_fifo/mem[5][62]_i_1_n_0                 |                   |               50 |             60 |         1.20 |
|  clk_IBUF_BUFG | u_conv2/u_fifo/mem[15][62]_i_1_n_0                |                   |               49 |             60 |         1.22 |
|  clk_IBUF_BUFG | u_pool1/window_valid_comb__0                      | rst_n_IBUF_inst/O |               24 |             60 |         2.50 |
|  clk_IBUF_BUFG | u_conv2/u_fifo/mem[11][62]_i_1_n_0                |                   |               48 |             60 |         1.25 |
|  clk_IBUF_BUFG | u_conv2/u_fifo/mem[14][62]_i_1_n_0                |                   |               48 |             60 |         1.25 |
|  clk_IBUF_BUFG | u_conv2/u_fifo/mem[18][62]_i_1_n_0                |                   |               45 |             60 |         1.33 |
|  clk_IBUF_BUFG | u_conv2/u_fifo/mem[24][62]_i_1_n_0                |                   |               44 |             60 |         1.36 |
|  clk_IBUF_BUFG | u_conv2/u_fifo/mem[26][62]_i_1_n_0                |                   |               42 |             60 |         1.43 |
|  clk_IBUF_BUFG | u_conv2/u_fifo/mem[17][62]_i_1_n_0                |                   |               44 |             60 |         1.36 |
|  clk_IBUF_BUFG | u_conv2/u_fifo/mem[16][62]_i_1_n_0                |                   |               46 |             60 |         1.30 |
|  clk_IBUF_BUFG | u_conv2/u_fifo/mem[19][62]_i_1_n_0                |                   |               48 |             60 |         1.25 |
|  clk_IBUF_BUFG | u_conv2/u_fifo/mem[1][62]_i_1_n_0                 |                   |               41 |             60 |         1.46 |
|  clk_IBUF_BUFG | u_conv2/u_fifo/mem[21][62]_i_1_n_0                |                   |               49 |             60 |         1.22 |
|  clk_IBUF_BUFG | u_conv2/u_fifo/mem[28][62]_i_1_n_0                |                   |               49 |             60 |         1.22 |
|  clk_IBUF_BUFG | u_conv2/u_fifo/mem[9][62]_i_1_n_0                 |                   |               50 |             60 |         1.20 |
|  clk_IBUF_BUFG | u_conv2/u_fifo/mem[3][62]_i_1_n_0                 |                   |               43 |             60 |         1.40 |
|  clk_IBUF_BUFG | u_conv2/u_fifo/mem[4][62]_i_1_n_0                 |                   |               46 |             60 |         1.30 |
|  clk_IBUF_BUFG | u_conv2/u_fifo/mem[6][62]_i_1_n_0                 |                   |               47 |             60 |         1.28 |
|  clk_IBUF_BUFG | u_conv2/u_fifo/mem[7][62]_i_1_n_0                 |                   |               45 |             60 |         1.33 |
|  clk_IBUF_BUFG | u_conv2/u_fifo/mem[22][62]_i_1_n_0                |                   |               46 |             60 |         1.30 |
|  clk_IBUF_BUFG | u_conv2/u_fifo/mem[8][62]_i_1_n_0                 |                   |               49 |             60 |         1.22 |
|  clk_IBUF_BUFG | u_conv2/u_fifo/mem[27][62]_i_1_n_0                |                   |               45 |             60 |         1.33 |
|  clk_IBUF_BUFG | u_conv2/u_fifo/mem[31][62]_i_1_n_0                |                   |               49 |             60 |         1.22 |
|  clk_IBUF_BUFG | u_conv2/u_fifo/mem[20][62]_i_1_n_0                |                   |               47 |             60 |         1.28 |
|  clk_IBUF_BUFG | u_conv2/u_fifo/mem[23][62]_i_1_n_0                |                   |               47 |             60 |         1.28 |
|  clk_IBUF_BUFG | u_conv2/u_fifo/mem[0][62]_i_1_n_0                 |                   |               44 |             60 |         1.36 |
|  clk_IBUF_BUFG | u_conv2/u_fifo/mem[10][62]_i_1_n_0                |                   |               41 |             60 |         1.46 |
|  clk_IBUF_BUFG |                                                   | rst_n_IBUF_inst/O |               20 |             73 |         3.65 |
|  clk_IBUF_BUFG | u_conv2/u_linebuf/FSM_onehot_state_reg[4]_rep__15 | rst_n_IBUF_inst/O |               62 |             94 |         1.52 |
|  clk_IBUF_BUFG | u_conv1/valid_out                                 |                   |                9 |            120 |        13.33 |
|  clk_IBUF_BUFG | u_pool2/reg_valid_out_reg_0[0]                    | rst_n_IBUF_inst/O |               49 |            120 |         2.45 |
|  clk_IBUF_BUFG | u_pool2/window_valid_comb__0                      | rst_n_IBUF_inst/O |               57 |            120 |         2.11 |
|  clk_IBUF_BUFG | u_conv2/reg_out_0                                 | rst_n_IBUF_inst/O |               34 |            120 |         3.53 |
|  clk_IBUF_BUFG | valid_in_IBUF_inst/O                              |                   |               12 |            128 |        10.67 |
|  clk_IBUF_BUFG | u_conv2/acc_f0                                    | rst_n_IBUF_inst/O |               16 |            128 |         8.00 |
|  clk_IBUF_BUFG | u_conv1/valid_out                                 | rst_n_IBUF_inst/O |               38 |            207 |         5.45 |
|  clk_IBUF_BUFG | u_conv2/valid_out                                 |                   |               19 |            240 |        12.63 |
|  clk_IBUF_BUFG | u_conv2/valid_out                                 | rst_n_IBUF_inst/O |               92 |            370 |         4.02 |
|  clk_IBUF_BUFG | valid_in_IBUF_inst/O                              | rst_n_IBUF_inst/O |               88 |            428 |         4.86 |
|  clk_IBUF_BUFG | u_conv2/u_linebuf/valid_in0                       |                   |               43 |            480 |        11.16 |
|  clk_IBUF_BUFG | u_conv2/u_linebuf/valid_in0                       | rst_n_IBUF_inst/O |              277 |           1512 |         5.46 |
+----------------+---------------------------------------------------+-------------------+------------------+----------------+--------------+


